Arguments: 
  C:\Program Files\nodejs\node.exe C:\Users\ASUS\AppData\Roaming\npm\node_modules\yarn\bin\yarn.js add body-parser

PATH: 
  ";C:\Program Files\MongoDB\Server\4.4\bin";C:\Program Files (x86)\Common Files\Oracle\Java\javapath;C:\WINDOWS\system32;C:\WINDOWS;C:\WINDOWS\System32\Wbem;C:\WINDOWS\System32\WindowsPowerShell\v1.0\;C:\WINDOWS\System32\OpenSSH\;C:\Program Files\Microsoft SQL Server\Client SDK\ODBC\110\Tools\Binn\;C:\Program Files (x86)\Microsoft SQL Server\120\Tools\Binn\;C:\Program Files\Microsoft SQL Server\120\Tools\Binn\;C:\Program Files\Microsoft SQL Server\120\DTS\Binn\;C:\Program Files (x86)\Microsoft SQL Server\120\Tools\Binn\ManagementStudio\;C:\Program Files (x86)\Microsoft SQL Server\120\DTS\Binn\;C:\Program Files\Microsoft SQL Server\130\Tools\Binn\;C:\Program Files\TortoiseSVN\bin;C:\Program Files\Git\cmd;C:\Program Files\nodejs\;C:\Program Files (x86)\Microsoft SQL Server\150\Tools\Binn\;C:\Program Files\Microsoft SQL Server\150\Tools\Binn\;C:\Program Files (x86)\Microsoft SQL Server\150\DTS\Binn\;C:\Program Files\Microsoft SQL Server\150\DTS\Binn\;C:\Program Files\Microsoft SQL Server\Client SDK\ODBC\170\Tools\Binn\;C:\Program Files\dotnet\;C:\Program Files (x86)\Microsoft SQL Server\110\DTS\Binn\;C:\Program Files (x86)\Microsoft SQL Server\130\DTS\Binn\;C:\Program Files (x86)\Microsoft SQL Server\140\DTS\Binn\;C:\Program Files (x86)\dotnet\;D:\Yarn\bin\;C:\Users\ASUS\AppData\Local\Microsoft\WindowsApps;C:\Users\ASUS\AppData\Local\GitHubDesktop\bin;C:\Users\ASUS\AppData\Local\Microsoft\WindowsApps;C:\Users\ASUS\AppData\Roaming\npm;C:\Users\ASUS\AppData\Local\Programs\Microsoft VS Code\bin;C:\Users\ASUS\.dotnet\tools;C:\Users\ASUS\AppData\Local\gitkraken\bin;";C:\Program Files\MongoDB\Server\4.4\bin";C:\Users\ASUS\AppData\Local\Yarn\bin

Yarn version: 
  1.22.10

Node version: 
  12.18.3

Platform: 
  win32 x64

Trace: 
  Error: https://registry.yarnpkg.com/antd/-/antd-4.13.0.tgz: ESOCKETTIMEDOUT
      at ClientRequest.<anonymous> (C:\Users\ASUS\AppData\Roaming\npm\node_modules\yarn\lib\cli.js:141289:19)
      at Object.onceWrapper (events.js:421:28)
      at ClientRequest.emit (events.js:315:20)
      at TLSSocket.emitRequestTimeout (_http_client.js:709:9)
      at Object.onceWrapper (events.js:421:28)
      at TLSSocket.emit (events.js:327:22)
      at TLSSocket.Socket._onTimeout (net.js:482:8)
      at listOnTimeout (internal/timers.js:549:17)
      at processTimers (internal/timers.js:492:7)

npm manifest: 
  {
    "name": "api",
    "version": "0.0.0",
    "main": "index.js",
    "license": "MIT",
    "private": true,
    "dependencies": {
      "bcrypt": "^5.0.0",
      "bcryptjs": "^2.4.3",
      "connect-flash": "^0.1.1",
      "cookie-session": "^1.4.0",
      "cors": "^2.8.5",
      "dotenv": "^8.2.0",
      "express": "^4.17.1",
      "jsonwebtoken": "^8.5.1",
      "mongoose": "^5.11.17",
      "passport": "^0.4.1",
      "passport-facebook": "^3.0.0",
      "passport-github2": "^0.1.12",
      "passport-google-oauth20": "^2.0.0",
      "passport-local": "^1.0.0",
      "path": "^0.12.7",
      "requirejs": "^2.3.6",
      "shortid": "^2.2.16"
    },
    "type": "module",
    "scripts": {
      "start": "node app.js"
    }
  }

yarn manifest: 
  No manifest

Lockfile: 
  No lockfile
